<?xml version="1.0" encoding="UTF-8"?>
<!-- Generated by org.testng.reporters.JUnitReportReporter -->
<testsuite skipped="0" hostname="DESKTOP-RLPJLFH" name="com.QA.TestClasses.LoginPageTest" tests="3" failures="0" timestamp="01 Jun 2018 06:45:05 GMT" time="43.937" errors="0">
  <testcase name="loginPageTitleTest" time="12.787" classname="com.QA.TestClasses.LoginPageTest"/>
  <testcase name="crmLogoImageTest" time="14.556" classname="com.QA.TestClasses.LoginPageTest"/>
  <testcase name="loginTest" time="16.594" classname="com.QA.TestClasses.LoginPageTest"/>
</testsuite> <!-- com.QA.TestClasses.LoginPageTest -->
